<?xml version="1.0" encoding="UTF-8"?>
<!-- Generated by org.testng.reporters.JUnitReportReporter -->
<testsuite hostname="L-INE-5WQCQG3" failures="0" tests="2" name="com.Runner.RunnerClass$CucumberRunnerTests" time="17.077" errors="0" timestamp="2024-01-18T12:18:12 IST" skipped="0">
  <testcase classname="com.Runner.RunnerClass$CucumberRunnerTests" name="runScenario" time="7.314"/>
  <system-out/>
  <testcase classname="com.Runner.RunnerClass$CucumberRunnerTests" name="runScenario" time="9.763"/>
  <system-out/>
</testsuite> <!-- com.Runner.RunnerClass$CucumberRunnerTests -->
